<?xml version="1.0" encoding="UTF-8"?>
<!-- Generated by org.testng.reporters.JUnitXMLReporter -->
<testsuite ignored="0" hostname="asus" failures="0" tests="5" name="Test" time="65.748" errors="0" timestamp="2023-07-13T20:47:45 IST">
  <testcase classname="shethsTestPkg.ShethsTestClass" name="home" time="7.689"/>
  <testcase classname="shethsTestPkg.ShethsTestClass" name="createAccount" time="3.693"/>
  <testcase classname="shethsTestPkg.ShethsTestClass" name="register" time="9.627"/>
  <testcase classname="shethsTestPkg.ShethsTestClass" name="searchbox" time="10.583"/>
  <testcase classname="shethsTestPkg.ShethsTestClass" name="addToCart" time="1.229"/>
</testsuite> <!-- Test -->
