<?xml version="1.0" encoding="UTF-8"?>
<testng-results ignored="0" total="5" passed="5" failed="0" skipped="0">
  <reporter-output>
  </reporter-output>
  <suite started-at="2023-07-13T20:46:39 IST" name="Suite" finished-at="2023-07-13T20:47:44 IST" duration-ms="65748">
    <groups>
    </groups>
    <test started-at="2023-07-13T20:46:39 IST" name="Test" finished-at="2023-07-13T20:47:44 IST" duration-ms="65748">
      <class name="shethsTestPkg.ShethsTestClass">
        <test-method is-config="true" signature="setUp()[pri:0, instance:shethsTestPkg.ShethsTestClass@e15b7e8]" started-at="2023-07-13T20:46:39 IST" name="setUp" finished-at="2023-07-13T20:47:12 IST" duration-ms="32725" status="PASS">
          <reporter-output>
          </reporter-output>
        </test-method> <!-- setUp -->
        <test-method signature="home()[pri:0, instance:shethsTestPkg.ShethsTestClass@e15b7e8]" started-at="2023-07-13T20:47:12 IST" name="home" finished-at="2023-07-13T20:47:19 IST" duration-ms="7689" status="PASS">
          <reporter-output>
          </reporter-output>
        </test-method> <!-- home -->
        <test-method signature="createAccount()[pri:1, instance:shethsTestPkg.ShethsTestClass@e15b7e8]" started-at="2023-07-13T20:47:19 IST" name="createAccount" finished-at="2023-07-13T20:47:23 IST" duration-ms="3693" status="PASS">
          <reporter-output>
          </reporter-output>
        </test-method> <!-- createAccount -->
        <test-method signature="register()[pri:2, instance:shethsTestPkg.ShethsTestClass@e15b7e8]" started-at="2023-07-13T20:47:23 IST" name="register" finished-at="2023-07-13T20:47:33 IST" duration-ms="9627" status="PASS">
          <reporter-output>
          </reporter-output>
        </test-method> <!-- register -->
        <test-method signature="searchbox()[pri:3, instance:shethsTestPkg.ShethsTestClass@e15b7e8]" started-at="2023-07-13T20:47:33 IST" name="searchbox" finished-at="2023-07-13T20:47:43 IST" duration-ms="10583" status="PASS">
          <reporter-output>
          </reporter-output>
        </test-method> <!-- searchbox -->
        <test-method signature="addToCart()[pri:4, instance:shethsTestPkg.ShethsTestClass@e15b7e8]" started-at="2023-07-13T20:47:43 IST" name="addToCart" finished-at="2023-07-13T20:47:44 IST" duration-ms="1229" status="PASS">
          <reporter-output>
          </reporter-output>
        </test-method> <!-- addToCart -->
      </class> <!-- shethsTestPkg.ShethsTestClass -->
    </test> <!-- Test -->
  </suite> <!-- Suite -->
</testng-results>
